# JRE version: Java(TM) SE Runtime Environment (7.0_40-b43) (build 1.7.0_40-b43)
# Java VM: Java HotSpot(TM) Client VM (24.0-b56 mixed mode linux-x86 )
Heap
 def new generation   total 4928K, used 2711K [0xa0860000, 0xa0db0000, 0xa5db0000)
  eden space 4416K,  49% used [0xa0860000, 0xa0a85f50, 0xa0cb0000)
  from space 512K, 100% used [0xa0cb0000, 0xa0d30000, 0xa0d30000)
  to   space 512K,   0% used [0xa0d30000, 0xa0d30000, 0xa0db0000)
 tenured generation   total 10944K, used 2658K [0xa5db0000, 0xa6860000, 0xb0860000)
   the space 10944K,  24% used [0xa5db0000, 0xa6048978, 0xa6048a00, 0xa6860000)
 compacting perm gen  total 12288K, used 5729K [0xb0860000, 0xb1460000, 0xb4860000)
   the space 12288K,  46% used [0xb0860000, 0xb0df87f0, 0xb0df8800, 0xb1460000)
GC Heap History (10 events):
Event: 0,974 GC heap before
{Heap before GC invocations=1 (full 0):
 def new generation   total 4928K, used 4928K [0xa0860000, 0xa0db0000, 0xa5db0000)
  eden space 4416K, 100% used [0xa0860000, 0xa0cb0000, 0xa0cb0000)
  from space 512K, 100% used [0xa0d30000, 0xa0db0000, 0xa0db0000)
  to   space 512K,   0% used [0xa0cb0000, 0xa0cb0000, 0xa0d30000)
 tenured generation   total 10944K, used 419K [0xa5db0000, 0xa6860000, 0xb0860000)
   the space 10944K,   3% used [0xa5db0000, 0xa5e18c98, 0xa5e18e00, 0xa6860000)
 compacting perm gen  total 12288K, used 3436K [0xb0860000, 0xb1460000, 0xb4860000)
   the space 12288K,  27% used [0xb0860000, 0xb0bbb3b0, 0xb0bbb400, 0xb1460000)
No shared spaces configured.
Event: 0,987 GC heap after
Heap after GC invocations=2 (full 0):
 def new generation   total 4928K, used 512K [0xa0860000, 0xa0db0000, 0xa5db0000)
  eden space 4416K,   0% used [0xa0860000, 0xa0860000, 0xa0cb0000)
  from space 512K, 100% used [0xa0cb0000, 0xa0d30000, 0xa0d30000)
  to   space 512K,   0% used [0xa0d30000, 0xa0d30000, 0xa0db0000)
 tenured generation   total 10944K, used 1072K [0xa5db0000, 0xa6860000, 0xb0860000)
   the space 10944K,   9% used [0xa5db0000, 0xa5ebc3a8, 0xa5ebc400, 0xa6860000)
 compacting perm gen  total 12288K, used 3436K [0xb0860000, 0xb1460000, 0xb4860000)
   the space 12288K,  27% used [0xb0860000, 0xb0bbb3b0, 0xb0bbb400, 0xb1460000)
No shared spaces configured.
}
Event: 1,141 GC heap before
{Heap before GC invocations=2 (full 0):
 def new generation   total 4928K, used 4928K [0xa0860000, 0xa0db0000, 0xa5db0000)
  eden space 4416K, 100% used [0xa0860000, 0xa0cb0000, 0xa0cb0000)
  from space 512K, 100% used [0xa0cb0000, 0xa0d30000, 0xa0d30000)
  to   space 512K,   0% used [0xa0d30000, 0xa0d30000, 0xa0db0000)
 tenured generation   total 10944K, used 1072K [0xa5db0000, 0xa6860000, 0xb0860000)
   the space 10944K,   9% used [0xa5db0000, 0xa5ebc3a8, 0xa5ebc400, 0xa6860000)
 compacting perm gen  total 12288K, used 3742K [0xb0860000, 0xb1460000, 0xb4860000)
   the space 12288K,  30% used [0xb0860000, 0xb0c07b60, 0xb0c07c00, 0xb1460000)
No shared spaces configured.
Event: 1,150 GC heap after
Heap after GC invocations=3 (full 0):
 def new generation   total 4928K, used 469K [0xa0860000, 0xa0db0000, 0xa5db0000)
  eden space 4416K,   0% used [0xa0860000, 0xa0860000, 0xa0cb0000)
  from space 512K,  91% used [0xa0d30000, 0xa0da5618, 0xa0db0000)
  to   space 512K,   0% used [0xa0cb0000, 0xa0cb0000, 0xa0d30000)
 tenured generation   total 10944K, used 1495K [0xa5db0000, 0xa6860000, 0xb0860000)
   the space 10944K,  13% used [0xa5db0000, 0xa5f25d10, 0xa5f25e00, 0xa6860000)
 compacting perm gen  total 12288K, used 3742K [0xb0860000, 0xb1460000, 0xb4860000)
   the space 12288K,  30% used [0xb0860000, 0xb0c07b60, 0xb0c07c00, 0xb1460000)
No shared spaces configured.
}
Event: 1,316 GC heap before
{Heap before GC invocations=3 (full 0):
 def new generation   total 4928K, used 4885K [0xa0860000, 0xa0db0000, 0xa5db0000)
  eden space 4416K, 100% used [0xa0860000, 0xa0cb0000, 0xa0cb0000)
  from space 512K,  91% used [0xa0d30000, 0xa0da5618, 0xa0db0000)
  to   space 512K,   0% used [0xa0cb0000, 0xa0cb0000, 0xa0d30000)
 tenured generation   total 10944K, used 1495K [0xa5db0000, 0xa6860000, 0xb0860000)
   the space 10944K,  13% used [0xa5db0000, 0xa5f25d10, 0xa5f25e00, 0xa6860000)
 compacting perm gen  total 12288K, used 4189K [0xb0860000, 0xb1460000, 0xb4860000)
   the space 12288K,  34% used [0xb0860000, 0xb0c77758, 0xb0c77800, 0xb1460000)
No shared spaces configured.
Event: 1,322 GC heap after
Heap after GC invocations=4 (full 0):
 def new generation   total 4928K, used 389K [0xa0860000, 0xa0db0000, 0xa5db0000)
  eden space 4416K,   0% used [0xa0860000, 0xa0860000, 0xa0cb0000)
  from space 512K,  76% used [0xa0cb0000, 0xa0d115a8, 0xa0d30000)
  to   space 512K,   0% used [0xa0d30000, 0xa0d30000, 0xa0db0000)
 tenured generation   total 10944K, used 1603K [0xa5db0000, 0xa6860000, 0xb0860000)
   the space 10944K,  14% used [0xa5db0000, 0xa5f40fc0, 0xa5f41000, 0xa6860000)
 compacting perm gen  total 12288K, used 4189K [0xb0860000, 0xb1460000, 0xb4860000)
   the space 12288K,  34% used [0xb0860000, 0xb0c77758, 0xb0c77800, 0xb1460000)
No shared spaces configured.
}
Event: 1,576 GC heap before
{Heap before GC invocations=4 (full 0):
 def new generation   total 4928K, used 4805K [0xa0860000, 0xa0db0000, 0xa5db0000)
  eden space 4416K, 100% used [0xa0860000, 0xa0cb0000, 0xa0cb0000)
  from space 512K,  76% used [0xa0cb0000, 0xa0d115a8, 0xa0d30000)
  to   space 512K,   0% used [0xa0d30000, 0xa0d30000, 0xa0db0000)
 tenured generation   total 10944K, used 1603K [0xa5db0000, 0xa6860000, 0xb0860000)
   the space 10944K,  14% used [0xa5db0000, 0xa5f40fc0, 0xa5f41000, 0xa6860000)
 compacting perm gen  total 12288K, used 5187K [0xb0860000, 0xb1460000, 0xb4860000)
   the space 12288K,  42% used [0xb0860000, 0xb0d70f68, 0xb0d71000, 0xb1460000)
No shared spaces configured.
Event: 1,587 GC heap after
Heap after GC invocations=5 (full 0):
 def new generation   total 4928K, used 512K [0xa0860000, 0xa0db0000, 0xa5db0000)
  eden space 4416K,   0% used [0xa0860000, 0xa0860000, 0xa0cb0000)
  from space 512K, 100% used [0xa0d30000, 0xa0db0000, 0xa0db0000)
  to   space 512K,   0% used [0xa0cb0000, 0xa0cb0000, 0xa0d30000)
 tenured generation   total 10944K, used 2099K [0xa5db0000, 0xa6860000, 0xb0860000)
   the space 10944K,  19% used [0xa5db0000, 0xa5fbcf78, 0xa5fbd000, 0xa6860000)
 compacting perm gen  total 12288K, used 5187K [0xb0860000, 0xb1460000, 0xb4860000)
   the space 12288K,  42% used [0xb0860000, 0xb0d70f68, 0xb0d71000, 0xb1460000)
No shared spaces configured.
}
Event: 1,731 GC heap before
{Heap before GC invocations=5 (full 0):
 def new generation   total 4928K, used 4928K [0xa0860000, 0xa0db0000, 0xa5db0000)
  eden space 4416K, 100% used [0xa0860000, 0xa0cb0000, 0xa0cb0000)
  from space 512K, 100% used [0xa0d30000, 0xa0db0000, 0xa0db0000)
  to   space 512K,   0% used [0xa0cb0000, 0xa0cb0000, 0xa0d30000)
 tenured generation   total 10944K, used 2099K [0xa5db0000, 0xa6860000, 0xb0860000)
   the space 10944K,  19% used [0xa5db0000, 0xa5fbcf78, 0xa5fbd000, 0xa6860000)
 compacting perm gen  total 12288K, used 5587K [0xb0860000, 0xb1460000, 0xb4860000)
   the space 12288K,  45% used [0xb0860000, 0xb0dd4e38, 0xb0dd5000, 0xb1460000)
No shared spaces configured.
Event: 1,740 GC heap after
Heap after GC invocations=6 (full 0):
 def new generation   total 4928K, used 512K [0xa0860000, 0xa0db0000, 0xa5db0000)
  eden space 4416K,   0% used [0xa0860000, 0xa0860000, 0xa0cb0000)
  from space 512K, 100% used [0xa0cb0000, 0xa0d30000, 0xa0d30000)
  to   space 512K,   0% used [0xa0d30000, 0xa0d30000, 0xa0db0000)
 tenured generation   total 10944K, used 2658K [0xa5db0000, 0xa6860000, 0xb0860000)
   the space 10944K,  24% used [0xa5db0000, 0xa6048978, 0xa6048a00, 0xa6860000)
 compacting perm gen  total 12288K, used 5587K [0xb0860000, 0xb1460000, 0xb4860000)
   the space 12288K,  45% used [0xb0860000, 0xb0dd4e38, 0xb0dd5000, 0xb1460000)
No shared spaces configured.
}

