# JRE version: Java(TM) SE Runtime Environment (7.0_40-b43) (build 1.7.0_40-b43)
# Java VM: Java HotSpot(TM) Client VM (24.0-b56 mixed mode linux-x86 )
Heap
 def new generation   total 4928K, used 4272K [0xa0940000, 0xa0e90000, 0xa5e90000)
  eden space 4416K,  86% used [0xa0940000, 0xa0cfd9c8, 0xa0d90000)
  from space 512K,  86% used [0xa0d90000, 0xa0dfe918, 0xa0e10000)
  to   space 512K,   0% used [0xa0e10000, 0xa0e10000, 0xa0e90000)
 tenured generation   total 10944K, used 1036K [0xa5e90000, 0xa6940000, 0xb0940000)
   the space 10944K,   9% used [0xa5e90000, 0xa5f930e0, 0xa5f93200, 0xa6940000)
 compacting perm gen  total 12288K, used 2786K [0xb0940000, 0xb1540000, 0xb4940000)
   the space 12288K,  22% used [0xb0940000, 0xb0bf8890, 0xb0bf8a00, 0xb1540000)
GC Heap History (4 events):
Event: 0,283 GC heap before
{Heap before GC invocations=0 (full 0):
 def new generation   total 4928K, used 4416K [0xa0940000, 0xa0e90000, 0xa5e90000)
  eden space 4416K, 100% used [0xa0940000, 0xa0d90000, 0xa0d90000)
  from space 512K,   0% used [0xa0d90000, 0xa0d90000, 0xa0e10000)
  to   space 512K,   0% used [0xa0e10000, 0xa0e10000, 0xa0e90000)
 tenured generation   total 10944K, used 0K [0xa5e90000, 0xa6940000, 0xb0940000)
   the space 10944K,   0% used [0xa5e90000, 0xa5e90000, 0xa5e90200, 0xa6940000)
 compacting perm gen  total 12288K, used 1862K [0xb0940000, 0xb1540000, 0xb4940000)
   the space 12288K,  15% used [0xb0940000, 0xb0b11840, 0xb0b11a00, 0xb1540000)
No shared spaces configured.
Event: 0,292 GC heap after
Heap after GC invocations=1 (full 0):
 def new generation   total 4928K, used 512K [0xa0940000, 0xa0e90000, 0xa5e90000)
  eden space 4416K,   0% used [0xa0940000, 0xa0940000, 0xa0d90000)
  from space 512K, 100% used [0xa0e10000, 0xa0e90000, 0xa0e90000)
  to   space 512K,   0% used [0xa0d90000, 0xa0d90000, 0xa0e10000)
 tenured generation   total 10944K, used 535K [0xa5e90000, 0xa6940000, 0xb0940000)
   the space 10944K,   4% used [0xa5e90000, 0xa5f15de0, 0xa5f15e00, 0xa6940000)
 compacting perm gen  total 12288K, used 1862K [0xb0940000, 0xb1540000, 0xb4940000)
   the space 12288K,  15% used [0xb0940000, 0xb0b11840, 0xb0b11a00, 0xb1540000)
No shared spaces configured.
}
Event: 0,475 GC heap before
{Heap before GC invocations=1 (full 0):
 def new generation   total 4928K, used 4928K [0xa0940000, 0xa0e90000, 0xa5e90000)
  eden space 4416K, 100% used [0xa0940000, 0xa0d90000, 0xa0d90000)
  from space 512K, 100% used [0xa0e10000, 0xa0e90000, 0xa0e90000)
  to   space 512K,   0% used [0xa0d90000, 0xa0d90000, 0xa0e10000)
 tenured generation   total 10944K, used 535K [0xa5e90000, 0xa6940000, 0xb0940000)
   the space 10944K,   4% used [0xa5e90000, 0xa5f15de0, 0xa5f15e00, 0xa6940000)
 compacting perm gen  total 12288K, used 2216K [0xb0940000, 0xb1540000, 0xb4940000)
   the space 12288K,  18% used [0xb0940000, 0xb0b6a1d8, 0xb0b6a200, 0xb1540000)
No shared spaces configured.
Event: 0,482 GC heap after
Heap after GC invocations=2 (full 0):
 def new generation   total 4928K, used 442K [0xa0940000, 0xa0e90000, 0xa5e90000)
  eden space 4416K,   0% used [0xa0940000, 0xa0940000, 0xa0d90000)
  from space 512K,  86% used [0xa0d90000, 0xa0dfe918, 0xa0e10000)
  to   space 512K,   0% used [0xa0e10000, 0xa0e10000, 0xa0e90000)
 tenured generation   total 10944K, used 1036K [0xa5e90000, 0xa6940000, 0xb0940000)
   the space 10944K,   9% used [0xa5e90000, 0xa5f930e0, 0xa5f93200, 0xa6940000)
 compacting perm gen  total 12288K, used 2216K [0xb0940000, 0xb1540000, 0xb4940000)
   the space 12288K,  18% used [0xb0940000, 0xb0b6a1d8, 0xb0b6a200, 0xb1540000)
No shared spaces configured.
}

