# JRE version: Java(TM) SE Runtime Environment (7.0_40-b43) (build 1.7.0_40-b43)
# Java VM: Java HotSpot(TM) Client VM (24.0-b56 mixed mode linux-x86 )
Heap
 def new generation   total 4928K, used 3243K [0xa0940000, 0xa0e90000, 0xa5e90000)
  eden space 4416K,  61% used [0xa0940000, 0xa0beacc8, 0xa0d90000)
  from space 512K,  99% used [0xa0e10000, 0xa0e8ffb0, 0xa0e90000)
  to   space 512K,   0% used [0xa0d90000, 0xa0d90000, 0xa0e10000)
 tenured generation   total 10944K, used 1256K [0xa5e90000, 0xa6940000, 0xb0940000)
   the space 10944K,  11% used [0xa5e90000, 0xa5fca3a8, 0xa5fca400, 0xa6940000)
 compacting perm gen  total 12288K, used 3244K [0xb0940000, 0xb1540000, 0xb4940000)
   the space 12288K,  26% used [0xb0940000, 0xb0c6b278, 0xb0c6b400, 0xb1540000)
GC Heap History (6 events):
Event: 0,276 GC heap before
{Heap before GC invocations=0 (full 0):
 def new generation   total 4928K, used 4416K [0xa0940000, 0xa0e90000, 0xa5e90000)
  eden space 4416K, 100% used [0xa0940000, 0xa0d90000, 0xa0d90000)
  from space 512K,   0% used [0xa0d90000, 0xa0d90000, 0xa0e10000)
  to   space 512K,   0% used [0xa0e10000, 0xa0e10000, 0xa0e90000)
 tenured generation   total 10944K, used 0K [0xa5e90000, 0xa6940000, 0xb0940000)
   the space 10944K,   0% used [0xa5e90000, 0xa5e90000, 0xa5e90200, 0xa6940000)
 compacting perm gen  total 12288K, used 1871K [0xb0940000, 0xb1540000, 0xb4940000)
   the space 12288K,  15% used [0xb0940000, 0xb0b13f00, 0xb0b14000, 0xb1540000)
No shared spaces configured.
Event: 0,288 GC heap after
Heap after GC invocations=1 (full 0):
 def new generation   total 4928K, used 512K [0xa0940000, 0xa0e90000, 0xa5e90000)
  eden space 4416K,   0% used [0xa0940000, 0xa0940000, 0xa0d90000)
  from space 512K, 100% used [0xa0e10000, 0xa0e90000, 0xa0e90000)
  to   space 512K,   0% used [0xa0d90000, 0xa0d90000, 0xa0e10000)
 tenured generation   total 10944K, used 533K [0xa5e90000, 0xa6940000, 0xb0940000)
   the space 10944K,   4% used [0xa5e90000, 0xa5f15488, 0xa5f15600, 0xa6940000)
 compacting perm gen  total 12288K, used 1871K [0xb0940000, 0xb1540000, 0xb4940000)
   the space 12288K,  15% used [0xb0940000, 0xb0b13f00, 0xb0b14000, 0xb1540000)
No shared spaces configured.
}
Event: 0,444 GC heap before
{Heap before GC invocations=1 (full 0):
 def new generation   total 4928K, used 4928K [0xa0940000, 0xa0e90000, 0xa5e90000)
  eden space 4416K, 100% used [0xa0940000, 0xa0d90000, 0xa0d90000)
  from space 512K, 100% used [0xa0e10000, 0xa0e90000, 0xa0e90000)
  to   space 512K,   0% used [0xa0d90000, 0xa0d90000, 0xa0e10000)
 tenured generation   total 10944K, used 533K [0xa5e90000, 0xa6940000, 0xb0940000)
   the space 10944K,   4% used [0xa5e90000, 0xa5f15488, 0xa5f15600, 0xa6940000)
 compacting perm gen  total 12288K, used 2221K [0xb0940000, 0xb1540000, 0xb4940000)
   the space 12288K,  18% used [0xb0940000, 0xb0b6b648, 0xb0b6b800, 0xb1540000)
No shared spaces configured.
Event: 0,451 GC heap after
Heap after GC invocations=2 (full 0):
 def new generation   total 4928K, used 442K [0xa0940000, 0xa0e90000, 0xa5e90000)
  eden space 4416K,   0% used [0xa0940000, 0xa0940000, 0xa0d90000)
  from space 512K,  86% used [0xa0d90000, 0xa0dfe9d8, 0xa0e10000)
  to   space 512K,   0% used [0xa0e10000, 0xa0e10000, 0xa0e90000)
 tenured generation   total 10944K, used 1038K [0xa5e90000, 0xa6940000, 0xb0940000)
   the space 10944K,   9% used [0xa5e90000, 0xa5f93ba8, 0xa5f93c00, 0xa6940000)
 compacting perm gen  total 12288K, used 2221K [0xb0940000, 0xb1540000, 0xb4940000)
   the space 12288K,  18% used [0xb0940000, 0xb0b6b648, 0xb0b6b800, 0xb1540000)
No shared spaces configured.
}
Event: 0,597 GC heap before
{Heap before GC invocations=2 (full 0):
 def new generation   total 4928K, used 4858K [0xa0940000, 0xa0e90000, 0xa5e90000)
  eden space 4416K, 100% used [0xa0940000, 0xa0d90000, 0xa0d90000)
  from space 512K,  86% used [0xa0d90000, 0xa0dfe9d8, 0xa0e10000)
  to   space 512K,   0% used [0xa0e10000, 0xa0e10000, 0xa0e90000)
 tenured generation   total 10944K, used 1038K [0xa5e90000, 0xa6940000, 0xb0940000)
   the space 10944K,   9% used [0xa5e90000, 0xa5f93ba8, 0xa5f93c00, 0xa6940000)
 compacting perm gen  total 12288K, used 2921K [0xb0940000, 0xb1540000, 0xb4940000)
   the space 12288K,  23% used [0xb0940000, 0xb0c1a620, 0xb0c1a800, 0xb1540000)
No shared spaces configured.
Event: 0,605 GC heap after
Heap after GC invocations=3 (full 0):
 def new generation   total 4928K, used 511K [0xa0940000, 0xa0e90000, 0xa5e90000)
  eden space 4416K,   0% used [0xa0940000, 0xa0940000, 0xa0d90000)
  from space 512K,  99% used [0xa0e10000, 0xa0e8ffb0, 0xa0e90000)
  to   space 512K,   0% used [0xa0d90000, 0xa0d90000, 0xa0e10000)
 tenured generation   total 10944K, used 1256K [0xa5e90000, 0xa6940000, 0xb0940000)
   the space 10944K,  11% used [0xa5e90000, 0xa5fca3a8, 0xa5fca400, 0xa6940000)
 compacting perm gen  total 12288K, used 2921K [0xb0940000, 0xb1540000, 0xb4940000)
   the space 12288K,  23% used [0xb0940000, 0xb0c1a620, 0xb0c1a800, 0xb1540000)
No shared spaces configured.
}

