# JRE version: Java(TM) SE Runtime Environment (7.0_40-b43) (build 1.7.0_40-b43)
# Java VM: Java HotSpot(TM) Client VM (24.0-b56 mixed mode linux-x86 )
Heap
 def new generation   total 4928K, used 3937K [0xa0680000, 0xa0bd0000, 0xa5bd0000)
  eden space 4416K,  77% used [0xa0680000, 0xa09d87a0, 0xa0ad0000)
  from space 512K, 100% used [0xa0b50000, 0xa0bd0000, 0xa0bd0000)
  to   space 512K,   0% used [0xa0ad0000, 0xa0ad0000, 0xa0b50000)
 tenured generation   total 10944K, used 2541K [0xa5bd0000, 0xa6680000, 0xb0680000)
   the space 10944K,  23% used [0xa5bd0000, 0xa5e4b4e8, 0xa5e4b600, 0xa6680000)
 compacting perm gen  total 12288K, used 4784K [0xb0680000, 0xb1280000, 0xb4680000)
   the space 12288K,  38% used [0xb0680000, 0xb0b2c038, 0xb0b2c200, 0xb1280000)
GC Heap History (10 events):
Event: 0,513 GC heap before
{Heap before GC invocations=0 (full 0):
 def new generation   total 4928K, used 4416K [0xa0680000, 0xa0bd0000, 0xa5bd0000)
  eden space 4416K, 100% used [0xa0680000, 0xa0ad0000, 0xa0ad0000)
  from space 512K,   0% used [0xa0ad0000, 0xa0ad0000, 0xa0b50000)
  to   space 512K,   0% used [0xa0b50000, 0xa0b50000, 0xa0bd0000)
 tenured generation   total 10944K, used 0K [0xa5bd0000, 0xa6680000, 0xb0680000)
   the space 10944K,   0% used [0xa5bd0000, 0xa5bd0000, 0xa5bd0200, 0xa6680000)
 compacting perm gen  total 12288K, used 2378K [0xb0680000, 0xb1280000, 0xb4680000)
   the space 12288K,  19% used [0xb0680000, 0xb08d2890, 0xb08d2a00, 0xb1280000)
No shared spaces configured.
Event: 0,522 GC heap after
Heap after GC invocations=1 (full 0):
 def new generation   total 4928K, used 512K [0xa0680000, 0xa0bd0000, 0xa5bd0000)
  eden space 4416K,   0% used [0xa0680000, 0xa0680000, 0xa0ad0000)
  from space 512K, 100% used [0xa0b50000, 0xa0bd0000, 0xa0bd0000)
  to   space 512K,   0% used [0xa0ad0000, 0xa0ad0000, 0xa0b50000)
 tenured generation   total 10944K, used 628K [0xa5bd0000, 0xa6680000, 0xb0680000)
   the space 10944K,   5% used [0xa5bd0000, 0xa5c6d348, 0xa5c6d400, 0xa6680000)
 compacting perm gen  total 12288K, used 2378K [0xb0680000, 0xb1280000, 0xb4680000)
   the space 12288K,  19% used [0xb0680000, 0xb08d2890, 0xb08d2a00, 0xb1280000)
No shared spaces configured.
}
Event: 0,748 GC heap before
{Heap before GC invocations=1 (full 0):
 def new generation   total 4928K, used 4928K [0xa0680000, 0xa0bd0000, 0xa5bd0000)
  eden space 4416K, 100% used [0xa0680000, 0xa0ad0000, 0xa0ad0000)
  from space 512K, 100% used [0xa0b50000, 0xa0bd0000, 0xa0bd0000)
  to   space 512K,   0% used [0xa0ad0000, 0xa0ad0000, 0xa0b50000)
 tenured generation   total 10944K, used 628K [0xa5bd0000, 0xa6680000, 0xb0680000)
   the space 10944K,   5% used [0xa5bd0000, 0xa5c6d348, 0xa5c6d400, 0xa6680000)
 compacting perm gen  total 12288K, used 2985K [0xb0680000, 0xb1280000, 0xb4680000)
   the space 12288K,  24% used [0xb0680000, 0xb096a778, 0xb096a800, 0xb1280000)
No shared spaces configured.
Event: 0,756 GC heap after
Heap after GC invocations=2 (full 0):
 def new generation   total 4928K, used 511K [0xa0680000, 0xa0bd0000, 0xa5bd0000)
  eden space 4416K,   0% used [0xa0680000, 0xa0680000, 0xa0ad0000)
  from space 512K,  99% used [0xa0ad0000, 0xa0b4fff8, 0xa0b50000)
  to   space 512K,   0% used [0xa0b50000, 0xa0b50000, 0xa0bd0000)
 tenured generation   total 10944K, used 1409K [0xa5bd0000, 0xa6680000, 0xb0680000)
   the space 10944K,  12% used [0xa5bd0000, 0xa5d30768, 0xa5d30800, 0xa6680000)
 compacting perm gen  total 12288K, used 2985K [0xb0680000, 0xb1280000, 0xb4680000)
   the space 12288K,  24% used [0xb0680000, 0xb096a778, 0xb096a800, 0xb1280000)
No shared spaces configured.
}
Event: 0,912 GC heap before
{Heap before GC invocations=2 (full 0):
 def new generation   total 4928K, used 4927K [0xa0680000, 0xa0bd0000, 0xa5bd0000)
  eden space 4416K, 100% used [0xa0680000, 0xa0ad0000, 0xa0ad0000)
  from space 512K,  99% used [0xa0ad0000, 0xa0b4fff8, 0xa0b50000)
  to   space 512K,   0% used [0xa0b50000, 0xa0b50000, 0xa0bd0000)
 tenured generation   total 10944K, used 1409K [0xa5bd0000, 0xa6680000, 0xb0680000)
   the space 10944K,  12% used [0xa5bd0000, 0xa5d30768, 0xa5d30800, 0xa6680000)
 compacting perm gen  total 12288K, used 3391K [0xb0680000, 0xb1280000, 0xb4680000)
   the space 12288K,  27% used [0xb0680000, 0xb09cfc18, 0xb09cfe00, 0xb1280000)
No shared spaces configured.
Event: 0,918 GC heap after
Heap after GC invocations=3 (full 0):
 def new generation   total 4928K, used 512K [0xa0680000, 0xa0bd0000, 0xa5bd0000)
  eden space 4416K,   0% used [0xa0680000, 0xa0680000, 0xa0ad0000)
  from space 512K, 100% used [0xa0b50000, 0xa0bd0000, 0xa0bd0000)
  to   space 512K,   0% used [0xa0ad0000, 0xa0ad0000, 0xa0b50000)
 tenured generation   total 10944K, used 1646K [0xa5bd0000, 0xa6680000, 0xb0680000)
   the space 10944K,  15% used [0xa5bd0000, 0xa5d6bb38, 0xa5d6bc00, 0xa6680000)
 compacting perm gen  total 12288K, used 3391K [0xb0680000, 0xb1280000, 0xb4680000)
   the space 12288K,  27% used [0xb0680000, 0xb09cfc18, 0xb09cfe00, 0xb1280000)
No shared spaces configured.
}
Event: 1,210 GC heap before
{Heap before GC invocations=3 (full 0):
 def new generation   total 4928K, used 4928K [0xa0680000, 0xa0bd0000, 0xa5bd0000)
  eden space 4416K, 100% used [0xa0680000, 0xa0ad0000, 0xa0ad0000)
  from space 512K, 100% used [0xa0b50000, 0xa0bd0000, 0xa0bd0000)
  to   space 512K,   0% used [0xa0ad0000, 0xa0ad0000, 0xa0b50000)
 tenured generation   total 10944K, used 1646K [0xa5bd0000, 0xa6680000, 0xb0680000)
   the space 10944K,  15% used [0xa5bd0000, 0xa5d6bb38, 0xa5d6bc00, 0xa6680000)
 compacting perm gen  total 12288K, used 3797K [0xb0680000, 0xb1280000, 0xb4680000)
   the space 12288K,  30% used [0xb0680000, 0xb0a35420, 0xb0a35600, 0xb1280000)
No shared spaces configured.
Event: 1,216 GC heap after
Heap after GC invocations=4 (full 0):
 def new generation   total 4928K, used 512K [0xa0680000, 0xa0bd0000, 0xa5bd0000)
  eden space 4416K,   0% used [0xa0680000, 0xa0680000, 0xa0ad0000)
  from space 512K, 100% used [0xa0ad0000, 0xa0b50000, 0xa0b50000)
  to   space 512K,   0% used [0xa0b50000, 0xa0b50000, 0xa0bd0000)
 tenured generation   total 10944K, used 1958K [0xa5bd0000, 0xa6680000, 0xb0680000)
   the space 10944K,  17% used [0xa5bd0000, 0xa5db9920, 0xa5db9a00, 0xa6680000)
 compacting perm gen  total 12288K, used 3797K [0xb0680000, 0xb1280000, 0xb4680000)
   the space 12288K,  30% used [0xb0680000, 0xb0a35420, 0xb0a35600, 0xb1280000)
No shared spaces configured.
}
Event: 1,506 GC heap before
{Heap before GC invocations=4 (full 0):
 def new generation   total 4928K, used 4928K [0xa0680000, 0xa0bd0000, 0xa5bd0000)
  eden space 4416K, 100% used [0xa0680000, 0xa0ad0000, 0xa0ad0000)
  from space 512K, 100% used [0xa0ad0000, 0xa0b50000, 0xa0b50000)
  to   space 512K,   0% used [0xa0b50000, 0xa0b50000, 0xa0bd0000)
 tenured generation   total 10944K, used 1958K [0xa5bd0000, 0xa6680000, 0xb0680000)
   the space 10944K,  17% used [0xa5bd0000, 0xa5db9920, 0xa5db9a00, 0xa6680000)
 compacting perm gen  total 12288K, used 4178K [0xb0680000, 0xb1280000, 0xb4680000)
   the space 12288K,  34% used [0xb0680000, 0xb0a94bb0, 0xb0a94c00, 0xb1280000)
No shared spaces configured.
Event: 1,514 GC heap after
Heap after GC invocations=5 (full 0):
 def new generation   total 4928K, used 512K [0xa0680000, 0xa0bd0000, 0xa5bd0000)
  eden space 4416K,   0% used [0xa0680000, 0xa0680000, 0xa0ad0000)
  from space 512K, 100% used [0xa0b50000, 0xa0bd0000, 0xa0bd0000)
  to   space 512K,   0% used [0xa0ad0000, 0xa0ad0000, 0xa0b50000)
 tenured generation   total 10944K, used 2541K [0xa5bd0000, 0xa6680000, 0xb0680000)
   the space 10944K,  23% used [0xa5bd0000, 0xa5e4b4e8, 0xa5e4b600, 0xa6680000)
 compacting perm gen  total 12288K, used 4178K [0xb0680000, 0xb1280000, 0xb4680000)
   the space 12288K,  34% used [0xb0680000, 0xb0a94bb0, 0xb0a94c00, 0xb1280000)
No shared spaces configured.
}

