# JRE version: Java(TM) SE Runtime Environment (7.0_40-b43) (build 1.7.0_40-b43)
# Java VM: Java HotSpot(TM) Client VM (24.0-b56 mixed mode linux-x86 )
Heap
 def new generation   total 4928K, used 2413K [0xa0940000, 0xa0e90000, 0xa5e90000)
  eden space 4416K,  43% used [0xa0940000, 0xa0b1b7d0, 0xa0d90000)
  from space 512K, 100% used [0xa0d90000, 0xa0e10000, 0xa0e10000)
  to   space 512K,   0% used [0xa0e10000, 0xa0e10000, 0xa0e90000)
 tenured generation   total 10944K, used 2659K [0xa5e90000, 0xa6940000, 0xb0940000)
   the space 10944K,  24% used [0xa5e90000, 0xa6128ce0, 0xa6128e00, 0xa6940000)
 compacting perm gen  total 12288K, used 5705K [0xb0940000, 0xb1540000, 0xb4940000)
   the space 12288K,  46% used [0xb0940000, 0xb0ed26b8, 0xb0ed2800, 0xb1540000)
GC Heap History (10 events):
Event: 0,927 GC heap before
{Heap before GC invocations=1 (full 0):
 def new generation   total 4928K, used 4928K [0xa0940000, 0xa0e90000, 0xa5e90000)
  eden space 4416K, 100% used [0xa0940000, 0xa0d90000, 0xa0d90000)
  from space 512K, 100% used [0xa0e10000, 0xa0e90000, 0xa0e90000)
  to   space 512K,   0% used [0xa0d90000, 0xa0d90000, 0xa0e10000)
 tenured generation   total 10944K, used 418K [0xa5e90000, 0xa6940000, 0xb0940000)
   the space 10944K,   3% used [0xa5e90000, 0xa5ef8b48, 0xa5ef8c00, 0xa6940000)
 compacting perm gen  total 12288K, used 3436K [0xb0940000, 0xb1540000, 0xb4940000)
   the space 12288K,  27% used [0xb0940000, 0xb0c9b3c0, 0xb0c9b400, 0xb1540000)
No shared spaces configured.
Event: 0,940 GC heap after
Heap after GC invocations=2 (full 0):
 def new generation   total 4928K, used 512K [0xa0940000, 0xa0e90000, 0xa5e90000)
  eden space 4416K,   0% used [0xa0940000, 0xa0940000, 0xa0d90000)
  from space 512K, 100% used [0xa0d90000, 0xa0e10000, 0xa0e10000)
  to   space 512K,   0% used [0xa0e10000, 0xa0e10000, 0xa0e90000)
 tenured generation   total 10944K, used 1072K [0xa5e90000, 0xa6940000, 0xb0940000)
   the space 10944K,   9% used [0xa5e90000, 0xa5f9c290, 0xa5f9c400, 0xa6940000)
 compacting perm gen  total 12288K, used 3436K [0xb0940000, 0xb1540000, 0xb4940000)
   the space 12288K,  27% used [0xb0940000, 0xb0c9b3c0, 0xb0c9b400, 0xb1540000)
No shared spaces configured.
}
Event: 1,097 GC heap before
{Heap before GC invocations=2 (full 0):
 def new generation   total 4928K, used 4928K [0xa0940000, 0xa0e90000, 0xa5e90000)
  eden space 4416K, 100% used [0xa0940000, 0xa0d90000, 0xa0d90000)
  from space 512K, 100% used [0xa0d90000, 0xa0e10000, 0xa0e10000)
  to   space 512K,   0% used [0xa0e10000, 0xa0e10000, 0xa0e90000)
 tenured generation   total 10944K, used 1072K [0xa5e90000, 0xa6940000, 0xb0940000)
   the space 10944K,   9% used [0xa5e90000, 0xa5f9c290, 0xa5f9c400, 0xa6940000)
 compacting perm gen  total 12288K, used 3742K [0xb0940000, 0xb1540000, 0xb4940000)
   the space 12288K,  30% used [0xb0940000, 0xb0ce7b70, 0xb0ce7c00, 0xb1540000)
No shared spaces configured.
Event: 1,109 GC heap after
Heap after GC invocations=3 (full 0):
 def new generation   total 4928K, used 469K [0xa0940000, 0xa0e90000, 0xa5e90000)
  eden space 4416K,   0% used [0xa0940000, 0xa0940000, 0xa0d90000)
  from space 512K,  91% used [0xa0e10000, 0xa0e85500, 0xa0e90000)
  to   space 512K,   0% used [0xa0d90000, 0xa0d90000, 0xa0e10000)
 tenured generation   total 10944K, used 1495K [0xa5e90000, 0xa6940000, 0xb0940000)
   the space 10944K,  13% used [0xa5e90000, 0xa6005c88, 0xa6005e00, 0xa6940000)
 compacting perm gen  total 12288K, used 3742K [0xb0940000, 0xb1540000, 0xb4940000)
   the space 12288K,  30% used [0xb0940000, 0xb0ce7b70, 0xb0ce7c00, 0xb1540000)
No shared spaces configured.
}
Event: 1,269 GC heap before
{Heap before GC invocations=3 (full 0):
 def new generation   total 4928K, used 4885K [0xa0940000, 0xa0e90000, 0xa5e90000)
  eden space 4416K, 100% used [0xa0940000, 0xa0d90000, 0xa0d90000)
  from space 512K,  91% used [0xa0e10000, 0xa0e85500, 0xa0e90000)
  to   space 512K,   0% used [0xa0d90000, 0xa0d90000, 0xa0e10000)
 tenured generation   total 10944K, used 1495K [0xa5e90000, 0xa6940000, 0xb0940000)
   the space 10944K,  13% used [0xa5e90000, 0xa6005c88, 0xa6005e00, 0xa6940000)
 compacting perm gen  total 12288K, used 4189K [0xb0940000, 0xb1540000, 0xb4940000)
   the space 12288K,  34% used [0xb0940000, 0xb0d57768, 0xb0d57800, 0xb1540000)
No shared spaces configured.
Event: 1,276 GC heap after
Heap after GC invocations=4 (full 0):
 def new generation   total 4928K, used 389K [0xa0940000, 0xa0e90000, 0xa5e90000)
  eden space 4416K,   0% used [0xa0940000, 0xa0940000, 0xa0d90000)
  from space 512K,  76% used [0xa0d90000, 0xa0df14a8, 0xa0e10000)
  to   space 512K,   0% used [0xa0e10000, 0xa0e10000, 0xa0e90000)
 tenured generation   total 10944K, used 1603K [0xa5e90000, 0xa6940000, 0xb0940000)
   the space 10944K,  14% used [0xa5e90000, 0xa6020e18, 0xa6021000, 0xa6940000)
 compacting perm gen  total 12288K, used 4189K [0xb0940000, 0xb1540000, 0xb4940000)
   the space 12288K,  34% used [0xb0940000, 0xb0d57768, 0xb0d57800, 0xb1540000)
No shared spaces configured.
}
Event: 1,510 GC heap before
{Heap before GC invocations=4 (full 0):
 def new generation   total 4928K, used 4805K [0xa0940000, 0xa0e90000, 0xa5e90000)
  eden space 4416K, 100% used [0xa0940000, 0xa0d90000, 0xa0d90000)
  from space 512K,  76% used [0xa0d90000, 0xa0df14a8, 0xa0e10000)
  to   space 512K,   0% used [0xa0e10000, 0xa0e10000, 0xa0e90000)
 tenured generation   total 10944K, used 1603K [0xa5e90000, 0xa6940000, 0xb0940000)
   the space 10944K,  14% used [0xa5e90000, 0xa6020e18, 0xa6021000, 0xa6940000)
 compacting perm gen  total 12288K, used 5187K [0xb0940000, 0xb1540000, 0xb4940000)
   the space 12288K,  42% used [0xb0940000, 0xb0e50f98, 0xb0e51000, 0xb1540000)
No shared spaces configured.
Event: 1,519 GC heap after
Heap after GC invocations=5 (full 0):
 def new generation   total 4928K, used 512K [0xa0940000, 0xa0e90000, 0xa5e90000)
  eden space 4416K,   0% used [0xa0940000, 0xa0940000, 0xa0d90000)
  from space 512K, 100% used [0xa0e10000, 0xa0e90000, 0xa0e90000)
  to   space 512K,   0% used [0xa0d90000, 0xa0d90000, 0xa0e10000)
 tenured generation   total 10944K, used 2098K [0xa5e90000, 0xa6940000, 0xb0940000)
   the space 10944K,  19% used [0xa5e90000, 0xa609cb00, 0xa609cc00, 0xa6940000)
 compacting perm gen  total 12288K, used 5187K [0xb0940000, 0xb1540000, 0xb4940000)
   the space 12288K,  42% used [0xb0940000, 0xb0e50f98, 0xb0e51000, 0xb1540000)
No shared spaces configured.
}
Event: 1,667 GC heap before
{Heap before GC invocations=5 (full 0):
 def new generation   total 4928K, used 4928K [0xa0940000, 0xa0e90000, 0xa5e90000)
  eden space 4416K, 100% used [0xa0940000, 0xa0d90000, 0xa0d90000)
  from space 512K, 100% used [0xa0e10000, 0xa0e90000, 0xa0e90000)
  to   space 512K,   0% used [0xa0d90000, 0xa0d90000, 0xa0e10000)
 tenured generation   total 10944K, used 2098K [0xa5e90000, 0xa6940000, 0xb0940000)
   the space 10944K,  19% used [0xa5e90000, 0xa609cb00, 0xa609cc00, 0xa6940000)
 compacting perm gen  total 12288K, used 5587K [0xb0940000, 0xb1540000, 0xb4940000)
   the space 12288K,  45% used [0xb0940000, 0xb0eb4e88, 0xb0eb5000, 0xb1540000)
No shared spaces configured.
Event: 1,675 GC heap after
Heap after GC invocations=6 (full 0):
 def new generation   total 4928K, used 512K [0xa0940000, 0xa0e90000, 0xa5e90000)
  eden space 4416K,   0% used [0xa0940000, 0xa0940000, 0xa0d90000)
  from space 512K, 100% used [0xa0d90000, 0xa0e10000, 0xa0e10000)
  to   space 512K,   0% used [0xa0e10000, 0xa0e10000, 0xa0e90000)
 tenured generation   total 10944K, used 2659K [0xa5e90000, 0xa6940000, 0xb0940000)
   the space 10944K,  24% used [0xa5e90000, 0xa6128ce0, 0xa6128e00, 0xa6940000)
 compacting perm gen  total 12288K, used 5587K [0xb0940000, 0xb1540000, 0xb4940000)
   the space 12288K,  45% used [0xb0940000, 0xb0eb4e88, 0xb0eb5000, 0xb1540000)
No shared spaces configured.
}

