# JRE version: Java(TM) SE Runtime Environment (7.0_40-b43) (build 1.7.0_40-b43)
# Java VM: Java HotSpot(TM) Client VM (24.0-b56 mixed mode linux-x86 )
Heap
 def new generation   total 4928K, used 982K [0xa0950000, 0xa0ea0000, 0xa5ea0000)
  eden space 4416K,  11% used [0xa0950000, 0xa09d0080, 0xa0da0000)
  from space 512K,  91% used [0xa0e20000, 0xa0e95a88, 0xa0ea0000)
  to   space 512K,   0% used [0xa0da0000, 0xa0da0000, 0xa0e20000)
 tenured generation   total 10944K, used 1494K [0xa5ea0000, 0xa6950000, 0xb0950000)
   the space 10944K,  13% used [0xa5ea0000, 0xa6015a58, 0xa6015c00, 0xa6950000)
 compacting perm gen  total 12288K, used 3792K [0xb0950000, 0xb1550000, 0xb4950000)
   the space 12288K,  30% used [0xb0950000, 0xb0d04280, 0xb0d04400, 0xb1550000)
GC Heap History (6 events):
Event: 0,500 GC heap before
{Heap before GC invocations=0 (full 0):
 def new generation   total 4928K, used 4416K [0xa0950000, 0xa0ea0000, 0xa5ea0000)
  eden space 4416K, 100% used [0xa0950000, 0xa0da0000, 0xa0da0000)
  from space 512K,   0% used [0xa0da0000, 0xa0da0000, 0xa0e20000)
  to   space 512K,   0% used [0xa0e20000, 0xa0e20000, 0xa0ea0000)
 tenured generation   total 10944K, used 0K [0xa5ea0000, 0xa6950000, 0xb0950000)
   the space 10944K,   0% used [0xa5ea0000, 0xa5ea0000, 0xa5ea0200, 0xa6950000)
 compacting perm gen  total 12288K, used 2175K [0xb0950000, 0xb1550000, 0xb4950000)
   the space 12288K,  17% used [0xb0950000, 0xb0b6fd30, 0xb0b6fe00, 0xb1550000)
No shared spaces configured.
Event: 0,508 GC heap after
Heap after GC invocations=1 (full 0):
 def new generation   total 4928K, used 512K [0xa0950000, 0xa0ea0000, 0xa5ea0000)
  eden space 4416K,   0% used [0xa0950000, 0xa0950000, 0xa0da0000)
  from space 512K, 100% used [0xa0e20000, 0xa0ea0000, 0xa0ea0000)
  to   space 512K,   0% used [0xa0da0000, 0xa0da0000, 0xa0e20000)
 tenured generation   total 10944K, used 418K [0xa5ea0000, 0xa6950000, 0xb0950000)
   the space 10944K,   3% used [0xa5ea0000, 0xa5f08b30, 0xa5f08c00, 0xa6950000)
 compacting perm gen  total 12288K, used 2175K [0xb0950000, 0xb1550000, 0xb4950000)
   the space 12288K,  17% used [0xb0950000, 0xb0b6fd30, 0xb0b6fe00, 0xb1550000)
No shared spaces configured.
}
Event: 0,733 GC heap before
{Heap before GC invocations=1 (full 0):
 def new generation   total 4928K, used 4928K [0xa0950000, 0xa0ea0000, 0xa5ea0000)
  eden space 4416K, 100% used [0xa0950000, 0xa0da0000, 0xa0da0000)
  from space 512K, 100% used [0xa0e20000, 0xa0ea0000, 0xa0ea0000)
  to   space 512K,   0% used [0xa0da0000, 0xa0da0000, 0xa0e20000)
 tenured generation   total 10944K, used 418K [0xa5ea0000, 0xa6950000, 0xb0950000)
   the space 10944K,   3% used [0xa5ea0000, 0xa5f08b30, 0xa5f08c00, 0xa6950000)
 compacting perm gen  total 12288K, used 3436K [0xb0950000, 0xb1550000, 0xb4950000)
   the space 12288K,  27% used [0xb0950000, 0xb0cab128, 0xb0cab200, 0xb1550000)
No shared spaces configured.
Event: 0,744 GC heap after
Heap after GC invocations=2 (full 0):
 def new generation   total 4928K, used 512K [0xa0950000, 0xa0ea0000, 0xa5ea0000)
  eden space 4416K,   0% used [0xa0950000, 0xa0950000, 0xa0da0000)
  from space 512K, 100% used [0xa0da0000, 0xa0e20000, 0xa0e20000)
  to   space 512K,   0% used [0xa0e20000, 0xa0e20000, 0xa0ea0000)
 tenured generation   total 10944K, used 1072K [0xa5ea0000, 0xa6950000, 0xb0950000)
   the space 10944K,   9% used [0xa5ea0000, 0xa5fac1d0, 0xa5fac200, 0xa6950000)
 compacting perm gen  total 12288K, used 3436K [0xb0950000, 0xb1550000, 0xb4950000)
   the space 12288K,  27% used [0xb0950000, 0xb0cab128, 0xb0cab200, 0xb1550000)
No shared spaces configured.
}
Event: 0,897 GC heap before
{Heap before GC invocations=2 (full 0):
 def new generation   total 4928K, used 4928K [0xa0950000, 0xa0ea0000, 0xa5ea0000)
  eden space 4416K, 100% used [0xa0950000, 0xa0da0000, 0xa0da0000)
  from space 512K, 100% used [0xa0da0000, 0xa0e20000, 0xa0e20000)
  to   space 512K,   0% used [0xa0e20000, 0xa0e20000, 0xa0ea0000)
 tenured generation   total 10944K, used 1072K [0xa5ea0000, 0xa6950000, 0xb0950000)
   the space 10944K,   9% used [0xa5ea0000, 0xa5fac1d0, 0xa5fac200, 0xa6950000)
 compacting perm gen  total 12288K, used 3761K [0xb0950000, 0xb1550000, 0xb4950000)
   the space 12288K,  30% used [0xb0950000, 0xb0cfc740, 0xb0cfc800, 0xb1550000)
No shared spaces configured.
Event: 0,911 GC heap after
Heap after GC invocations=3 (full 0):
 def new generation   total 4928K, used 470K [0xa0950000, 0xa0ea0000, 0xa5ea0000)
  eden space 4416K,   0% used [0xa0950000, 0xa0950000, 0xa0da0000)
  from space 512K,  91% used [0xa0e20000, 0xa0e95a88, 0xa0ea0000)
  to   space 512K,   0% used [0xa0da0000, 0xa0da0000, 0xa0e20000)
 tenured generation   total 10944K, used 1494K [0xa5ea0000, 0xa6950000, 0xb0950000)
   the space 10944K,  13% used [0xa5ea0000, 0xa6015a58, 0xa6015c00, 0xa6950000)
 compacting perm gen  total 12288K, used 3761K [0xb0950000, 0xb1550000, 0xb4950000)
   the space 12288K,  30% used [0xb0950000, 0xb0cfc740, 0xb0cfc800, 0xb1550000)
No shared spaces configured.
}

