# JRE version: Java(TM) SE Runtime Environment (7.0_40-b43) (build 1.7.0_40-b43)
# Java VM: Java HotSpot(TM) Client VM (24.0-b56 mixed mode linux-x86 )
Heap
 def new generation   total 4928K, used 1690K [0xa0880000, 0xa0dd0000, 0xa5dd0000)
  eden space 4416K,  26% used [0xa0880000, 0xa09a6920, 0xa0cd0000)
  from space 512K, 100% used [0xa0d50000, 0xa0dd0000, 0xa0dd0000)
  to   space 512K,   0% used [0xa0cd0000, 0xa0cd0000, 0xa0d50000)
 tenured generation   total 10944K, used 1924K [0xa5dd0000, 0xa6880000, 0xb0880000)
   the space 10944K,  17% used [0xa5dd0000, 0xa5fb12c0, 0xa5fb1400, 0xa6880000)
 compacting perm gen  total 12288K, used 4102K [0xb0880000, 0xb1480000, 0xb4880000)
   the space 12288K,  33% used [0xb0880000, 0xb0c81898, 0xb0c81a00, 0xb1480000)
GC Heap History (6 events):
Event: 0,549 GC heap before
{Heap before GC invocations=0 (full 0):
 def new generation   total 4928K, used 4416K [0xa0880000, 0xa0dd0000, 0xa5dd0000)
  eden space 4416K, 100% used [0xa0880000, 0xa0cd0000, 0xa0cd0000)
  from space 512K,   0% used [0xa0cd0000, 0xa0cd0000, 0xa0d50000)
  to   space 512K,   0% used [0xa0d50000, 0xa0d50000, 0xa0dd0000)
 tenured generation   total 10944K, used 0K [0xa5dd0000, 0xa6880000, 0xb0880000)
   the space 10944K,   0% used [0xa5dd0000, 0xa5dd0000, 0xa5dd0200, 0xa6880000)
 compacting perm gen  total 12288K, used 2730K [0xb0880000, 0xb1480000, 0xb4880000)
   the space 12288K,  22% used [0xb0880000, 0xb0b2aa28, 0xb0b2ac00, 0xb1480000)
No shared spaces configured.
Event: 0,558 GC heap after
Heap after GC invocations=1 (full 0):
 def new generation   total 4928K, used 512K [0xa0880000, 0xa0dd0000, 0xa5dd0000)
  eden space 4416K,   0% used [0xa0880000, 0xa0880000, 0xa0cd0000)
  from space 512K, 100% used [0xa0d50000, 0xa0dd0000, 0xa0dd0000)
  to   space 512K,   0% used [0xa0cd0000, 0xa0cd0000, 0xa0d50000)
 tenured generation   total 10944K, used 647K [0xa5dd0000, 0xa6880000, 0xb0880000)
   the space 10944K,   5% used [0xa5dd0000, 0xa5e71c90, 0xa5e71e00, 0xa6880000)
 compacting perm gen  total 12288K, used 2730K [0xb0880000, 0xb1480000, 0xb4880000)
   the space 12288K,  22% used [0xb0880000, 0xb0b2aa28, 0xb0b2ac00, 0xb1480000)
No shared spaces configured.
}
Event: 0,839 GC heap before
{Heap before GC invocations=1 (full 0):
 def new generation   total 4928K, used 4928K [0xa0880000, 0xa0dd0000, 0xa5dd0000)
  eden space 4416K, 100% used [0xa0880000, 0xa0cd0000, 0xa0cd0000)
  from space 512K, 100% used [0xa0d50000, 0xa0dd0000, 0xa0dd0000)
  to   space 512K,   0% used [0xa0cd0000, 0xa0cd0000, 0xa0d50000)
 tenured generation   total 10944K, used 647K [0xa5dd0000, 0xa6880000, 0xb0880000)
   the space 10944K,   5% used [0xa5dd0000, 0xa5e71c90, 0xa5e71e00, 0xa6880000)
 compacting perm gen  total 12288K, used 3539K [0xb0880000, 0xb1480000, 0xb4880000)
   the space 12288K,  28% used [0xb0880000, 0xb0bf4c88, 0xb0bf4e00, 0xb1480000)
No shared spaces configured.
Event: 0,853 GC heap after
Heap after GC invocations=2 (full 0):
 def new generation   total 4928K, used 512K [0xa0880000, 0xa0dd0000, 0xa5dd0000)
  eden space 4416K,   0% used [0xa0880000, 0xa0880000, 0xa0cd0000)
  from space 512K, 100% used [0xa0cd0000, 0xa0d50000, 0xa0d50000)
  to   space 512K,   0% used [0xa0d50000, 0xa0d50000, 0xa0dd0000)
 tenured generation   total 10944K, used 1553K [0xa5dd0000, 0xa6880000, 0xb0880000)
   the space 10944K,  14% used [0xa5dd0000, 0xa5f547e0, 0xa5f54800, 0xa6880000)
 compacting perm gen  total 12288K, used 3539K [0xb0880000, 0xb1480000, 0xb4880000)
   the space 12288K,  28% used [0xb0880000, 0xb0bf4c88, 0xb0bf4e00, 0xb1480000)
No shared spaces configured.
}
Event: 1,217 GC heap before
{Heap before GC invocations=2 (full 0):
 def new generation   total 4928K, used 4928K [0xa0880000, 0xa0dd0000, 0xa5dd0000)
  eden space 4416K, 100% used [0xa0880000, 0xa0cd0000, 0xa0cd0000)
  from space 512K, 100% used [0xa0cd0000, 0xa0d50000, 0xa0d50000)
  to   space 512K,   0% used [0xa0d50000, 0xa0d50000, 0xa0dd0000)
 tenured generation   total 10944K, used 1553K [0xa5dd0000, 0xa6880000, 0xb0880000)
   the space 10944K,  14% used [0xa5dd0000, 0xa5f547e0, 0xa5f54800, 0xa6880000)
 compacting perm gen  total 12288K, used 4089K [0xb0880000, 0xb1480000, 0xb4880000)
   the space 12288K,  33% used [0xb0880000, 0xb0c7e7b0, 0xb0c7e800, 0xb1480000)
No shared spaces configured.
Event: 1,225 GC heap after
Heap after GC invocations=3 (full 0):
 def new generation   total 4928K, used 512K [0xa0880000, 0xa0dd0000, 0xa5dd0000)
  eden space 4416K,   0% used [0xa0880000, 0xa0880000, 0xa0cd0000)
  from space 512K, 100% used [0xa0d50000, 0xa0dd0000, 0xa0dd0000)
  to   space 512K,   0% used [0xa0cd0000, 0xa0cd0000, 0xa0d50000)
 tenured generation   total 10944K, used 1924K [0xa5dd0000, 0xa6880000, 0xb0880000)
   the space 10944K,  17% used [0xa5dd0000, 0xa5fb12c0, 0xa5fb1400, 0xa6880000)
 compacting perm gen  total 12288K, used 4089K [0xb0880000, 0xb1480000, 0xb4880000)
   the space 12288K,  33% used [0xb0880000, 0xb0c7e7b0, 0xb0c7e800, 0xb1480000)
No shared spaces configured.
}

